La génération a démarré 07/12/2015 14:44:27.
     1>Projet "C:\Users\leapi\OneDrive\Documents\workspace_OpenSIM\RightArm\build\exampleMain.vcxproj" sur le nœud 2 (Build cible(s)).
     1>C:\Program Files (x86)\MSBuild\Microsoft.Cpp\v4.0\V140\Microsoft.CppBuild.targets(392,5): warning MSB8028: The intermediate directory (exampleMain.dir\Release\) contains files shared from another project (Main.vcxproj).  This can lead to incorrect clean and rebuild behavior.
     1>ClCompile:
         C:\Program Files (x86)\Microsoft Visual Studio 14.0\VC\bin\x86_amd64\CL.exe /c /I\Vendors /I"C:\OpenSim 3.3\sdk\include\SimTK\include" /I"C:\OpenSim 3.3\sdk\include" /nologo /W3 /WX- /O2 /Ob2 /D WIN32 /D _WINDOWS /D NDEBUG /D "CMAKE_INTDIR=\"Release\"" /D _MBCS /Gm- /EHsc /MD /GS /fp:precise /Zc:wchar_t /Zc:forScope /Zc:inline /GR /Fo"exampleMain.dir\Release\\" /Fd"exampleMain.dir\Release\vc140.pdb" /Gd /TP /errorReport:prompt C:\Users\leapi\OneDrive\Documents\workspace_OpenSIM\RightArm\CreateModel.cpp
         CreateModel.cpp
     1>C:\Users\leapi\OneDrive\Documents\workspace_OpenSIM\RightArm\CreateModel.cpp(150): warning C4101: 'a' : variable locale non référencée
       Link:
         C:\Program Files (x86)\Microsoft Visual Studio 14.0\VC\bin\x86_amd64\link.exe /ERRORREPORT:PROMPT /OUT:"C:\Users\leapi\OneDrive\Documents\workspace_OpenSIM\RightArm\build\Release\exampleMain.exe" /INCREMENTAL:NO /NOLOGO /LIBPATH:"C:/OpenSim 3.3/sdk/lib" /LIBPATH:"C:/OpenSim 3.3/sdk/lib/Release" /LIBPATH:"C:/OpenSim 3.3/lib" /LIBPATH:"C:/OpenSim 3.3/lib/Release" /LIBPATH:"C:/OpenSim 3.3/bin" /LIBPATH:"C:/OpenSim 3.3/bin/Release" kernel32.lib user32.lib gdi32.lib winspool.lib shell32.lib ole32.lib oleaut32.lib uuid.lib comdlg32.lib advapi32.lib osimSimulation.lib osimActuators.lib osimCommon.lib osimAnalyses.lib osimTools.lib OpenSim_SimTKcommon.lib OpenSim_SimTKmath.lib OpenSim_SimTKsimbody.lib /MANIFEST /MANIFESTUAC:"level='asInvoker' uiAccess='false'" /manifest:embed /PDB:"C:/Users/leapi/OneDrive/Documents/workspace_OpenSIM/RightArm/build/Release/exampleMain.pdb" /SUBSYSTEM:CONSOLE /TLBID:1 /DYNAMICBASE /NXCOMPAT /IMPLIB:"C:/Users/leapi/OneDrive/Documents/workspace_OpenSIM/RightArm/build/Release/exampleMain.lib" /MACHINE:X64  /machine:x64 exampleMain.dir\Release\CreateModel.obj
         exampleMain.vcxproj -> C:\Users\leapi\OneDrive\Documents\workspace_OpenSIM\RightArm\build\Release\exampleMain.exe
       PostBuildEvent:
         setlocal
         "C:\Program Files (x86)\CMake\bin\cmake.exe" -E copy C:/Users/leapi/OneDrive/Documents/workspace_OpenSIM/RightArm/blockMesh.obj C:/Users/leapi/OneDrive/Documents/workspace_OpenSIM/RightArm/build
         if %errorlevel% neq 0 goto :cmEnd
         :cmEnd
         endlocal & call :cmErrorLevel %errorlevel% & goto :cmDone
         :cmErrorLevel
         exit /b %1
         :cmDone
         if %errorlevel% neq 0 goto :VCEnd
         :VCEnd
     1>Génération du projet "C:\Users\leapi\OneDrive\Documents\workspace_OpenSIM\RightArm\build\exampleMain.vcxproj" terminée (Build cible(s)).

La génération a réussi.

Temps écoulé 00:00:14.09
